<?xml version="1.0" encoding="UTF-8"?>
<!-- Generated by org.testng.reporters.JUnitReportReporter -->
<testsuite hostname="Monishs-MacBook-Air.local" failures="0" tests="5" name="formType.LoginTest" time="24.989" errors="0" timestamp="2023-10-02T09:50:44 IST" skipped="0">
  <testcase classname="formType.LoginTest" name="verifyValidLogin" time="4.927"/>
  <testcase classname="formType.LoginTest" name="verifyInvalidLogin" time="5.266"/>
  <testcase classname="formType.LoginTest" name="verifyWithoutPasswordLogin" time="4.522"/>
  <testcase classname="formType.LoginTest" name="verifyWithoutUsernameLogin" time="4.436"/>
  <testcase classname="formType.LoginTest" name="verifyWithoutUsernameAndPasswordLogin" time="5.838"/>
</testsuite> <!-- formType.LoginTest -->
