<?xml version="1.0" encoding="UTF-8"?>
<!-- Generated by org.testng.reporters.JUnitReportReporter -->
<testsuite hostname="PUN-LAP-SINGHM" failures="0" tests="2" name="formType.TableTest" time="0.097" errors="0" timestamp="2023-10-04T10:11:51 IST" skipped="0">
  <testcase classname="formType.TableTest" name="table" time="0.042"/>
  <testcase classname="formType.TableTest" name="paginationTable" time="0.055"/>
</testsuite> <!-- formType.TableTest -->
