<?xml version="1.0" encoding="UTF-8"?>
<!-- Generated by org.testng.reporters.JUnitReportReporter -->
<testsuite hostname="PUN-LAP-SINGHM" failures="0" tests="8" name="formType.ButtonTest" time="22.128" errors="0" timestamp="2023-10-04T10:11:51 IST" skipped="0">
  <testcase classname="formType.ButtonTest" name="radio" time="2.122"/>
  <testcase classname="formType.ButtonTest" name="checkBox" time="2.113"/>
  <testcase classname="formType.ButtonTest" name="dropdown" time="2.102"/>
  <testcase classname="formType.ButtonTest" name="dropdown" time="2.067"/>
  <testcase classname="formType.ButtonTest" name="dropdown" time="2.049"/>
  <testcase classname="formType.ButtonTest" name="select" time="2.119"/>
  <testcase classname="formType.ButtonTest" name="newWindow" time="2.093"/>
  <testcase classname="formType.ButtonTest" name="doubleClick" time="7.463"/>
</testsuite> <!-- formType.ButtonTest -->
