<?xml version="1.0" encoding="UTF-8"?>
<!-- Generated by org.testng.reporters.JUnitReportReporter -->
<testsuite hostname="PUN-LAP-SINGHM" failures="0" tests="4" name="formType.LoginTest" time="28.303" errors="0" timestamp="2023-09-27T18:15:55 IST" skipped="0">
  <testcase classname="formType.LoginTest" name="verifyValidLogin" time="6.832"/>
  <testcase classname="formType.LoginTest" name="verifyInvalidLogin" time="7.470"/>
  <testcase classname="formType.LoginTest" name="verifyWithoutPasswordLogin" time="6.956"/>
  <testcase classname="formType.LoginTest" name="verifyWithoutUsernameLogin" time="7.045"/>
</testsuite> <!-- formType.LoginTest -->
