<?xml version="1.0" encoding="UTF-8"?>
<!-- Generated by org.testng.reporters.JUnitReportReporter -->
<testsuite hostname="PUN-LAP-SINGHM" failures="0" tests="1" name="formType.InputTest" time="2.227" errors="0" timestamp="2023-09-27T18:15:55 IST" skipped="0">
  <testcase classname="formType.InputTest" name="inputName" time="2.227"/>
</testsuite> <!-- formType.InputTest -->
