<?xml version="1.0" encoding="UTF-8"?>
<!-- Generated by org.testng.reporters.JUnitReportReporter -->
<testsuite hostname="PUN-LAP-SINGHM" failures="0" tests="3" name="formType.AletTest" time="0.228" errors="0" timestamp="2023-10-04T10:11:51 IST" skipped="0">
  <testcase classname="formType.AletTest" name="alert1" time="0.089"/>
  <testcase classname="formType.AletTest" name="alert2" time="0.076"/>
  <testcase classname="formType.AletTest" name="alert3" time="0.063"/>
</testsuite> <!-- formType.AletTest -->
