<?xml version="1.0" encoding="UTF-8"?>
<!-- Generated by org.testng.reporters.JUnitReportReporter -->
<testsuite hostname="Monishs-MacBook-Air.local" failures="0" tests="1" name="formType.AletTest" time="0.094" errors="0" timestamp="2023-10-02T11:33:13 IST" skipped="0">
  <testcase classname="formType.AletTest" name="alert3" time="0.094"/>
</testsuite> <!-- formType.AletTest -->
