<?xml version="1.0" encoding="UTF-8"?>
<!-- Generated by org.testng.reporters.JUnitReportReporter -->
<testsuite hostname="PUN-LAP-SINGHM" failures="0" tests="6" name="formType.ButtonTest" time="10.618" errors="0" timestamp="2023-09-27T18:15:55 IST" skipped="0">
  <testcase classname="formType.ButtonTest" name="radio" time="2.123"/>
  <testcase classname="formType.ButtonTest" name="checkBox" time="2.114"/>
  <testcase classname="formType.ButtonTest" name="dropdown" time="2.109"/>
  <testcase classname="formType.ButtonTest" name="dropdown" time="2.068"/>
  <testcase classname="formType.ButtonTest" name="dropdown" time="2.118"/>
  <testcase classname="formType.ButtonTest" name="select" time="0.086"/>
</testsuite> <!-- formType.ButtonTest -->
