<?xml version="1.0" encoding="UTF-8"?>
<!-- Generated by org.testng.reporters.JUnitReportReporter -->
<testsuite hostname="Monishs-MacBook-Air.local" failures="0" tests="1" name="formType.TableTest" time="2.039" errors="0" timestamp="2023-10-02T11:23:57 IST" skipped="0">
  <testcase classname="formType.TableTest" name="paginationTable" time="2.039"/>
</testsuite> <!-- formType.TableTest -->
