<?xml version="1.0" encoding="UTF-8"?>
<!-- Generated by org.testng.reporters.JUnitReportReporter -->
<testsuite hostname="Monishs-MacBook-Air.local" failures="0" tests="1" name="formType.ButtonTest" time="0.256" errors="0" timestamp="2023-10-02T12:16:54 IST" skipped="0">
  <testcase classname="formType.ButtonTest" name="doubleClick" time="0.256"/>
</testsuite> <!-- formType.ButtonTest -->
