<?xml version="1.0" encoding="UTF-8"?>
<!-- Generated by org.testng.reporters.JUnitReportReporter -->
<testsuite hostname="PUN-LAP-SINGHM" failures="0" tests="5" name="formType.LoginTest" time="13.592" errors="0" timestamp="2023-10-04T10:11:51 IST" skipped="0">
  <testcase classname="formType.LoginTest" name="verifyValidLogin" time="4.851"/>
  <testcase classname="formType.LoginTest" name="verifyInvalidLogin" time="2.208"/>
  <testcase classname="formType.LoginTest" name="verifyWithoutPasswordLogin" time="2.170"/>
  <testcase classname="formType.LoginTest" name="verifyWithoutUsernameLogin" time="2.184"/>
  <testcase classname="formType.LoginTest" name="verifyWithoutUsernameAndPasswordLogin" time="2.179"/>
</testsuite> <!-- formType.LoginTest -->
