<?xml version="1.0" encoding="UTF-8"?>
<!-- Generated by org.testng.reporters.JUnitReportReporter -->
<testsuite hostname="PUN-LAP-SINGHM" failures="0" tests="5" name="formType.InputTest" time="15.166" errors="0" timestamp="2023-10-04T10:11:51 IST" skipped="0">
  <testcase classname="formType.InputTest" name="inputName" time="2.197"/>
  <testcase classname="formType.InputTest" name="date" time="2.772"/>
  <testcase classname="formType.InputTest" name="dragDrop" time="2.296"/>
  <testcase classname="formType.InputTest" name="slider" time="2.413"/>
  <testcase classname="formType.InputTest" name="resizable" time="5.488"/>
</testsuite> <!-- formType.InputTest -->
